2023-06-02 13:42:35[ INFO ]>>queryUserList用户列表查询测试成功
2023-06-02 13:42:53[ INFO ]>>insert用户插入测试成功
2023-06-02 13:44:48[ INFO ]>>delete用户删除测试成功
2023-06-05 18:54:46[ INFO ]>>delete用户删除测试成功
2023-06-05 19:06:50[ INFO ]>>insert用户插入测试成功
2023-06-05 19:07:53[ INFO ]>>insert用户插入测试成功
2023-06-05 19:08:19[ INFO ]>>qselectUserInfo用户登录测试成功
2023-06-07 00:36:08[ INFO ]>>insert用户插入测试成功
2023-06-07 00:56:42[ INFO ]>>insert用户插入测试成功
2023-06-07 01:18:42[ INFO ]>>insert用户插入测试成功
2023-06-07 01:19:32[ INFO ]>>insert用户插入测试成功
2023-06-07 17:37:59[ DEBUG ]==>  Preparing: SELECT id,username,`password`,start_time as "starttime", stop_time as "stoptime" FROM user_info WHERE status = "1"
2023-06-07 17:37:59[ DEBUG ]==> Parameters: 
2023-06-07 17:37:59[ DEBUG ]<==      Total: 0
2023-06-07 17:39:04[ DEBUG ]==>  Preparing: SELECT id,username,`password`,start_time as "starttime", stop_time as "stoptime" FROM user_info WHERE status = "1"
2023-06-07 17:39:04[ DEBUG ]==> Parameters: 
2023-06-07 17:39:04[ DEBUG ]<==      Total: 0
2023-06-07 23:39:48[ INFO ]>>insert用户插入测试成功
2023-06-07 23:40:39[ INFO ]>>insert用户插入测试成功
2023-06-12 22:58:29[ INFO ]>>insert用户插入测试成功
2023-06-12 22:59:20[ INFO ]>>queryUserList用户列表查询测试成功
2023-06-16 21:46:59[ INFO ]>>insert项目插入测试成功
2023-06-16 21:48:49[ INFO ]>>insert项目插入测试成功
2023-06-16 22:19:10[ INFO ]>>delete项目删除测试成功
2023-06-16 22:20:55[ INFO ]>>queryUserList用户列表查询测试成功
2023-06-16 22:24:59[ INFO ]>>queryUserList用户列表查询测试成功
2023-06-16 22:31:49[ INFO ]>>modify项目修改测试成功
2023-06-17 16:05:46[ INFO ]>>modify项目修改测试成功
2023-06-16 21:46:59[ INFO ]>>insert项目插入测试成功
2023-06-16 21:48:49[ INFO ]>>insert项目插入测试成功
2023-06-16 22:19:10[ INFO ]>>delete项目删除测试成功
2023-06-16 22:20:55[ INFO ]>>queryUserList用户列表查询测试成功
2023-06-16 22:24:59[ INFO ]>>queryUserList用户列表查询测试成功
2023-06-16 22:31:49[ INFO ]>>modify项目修改测试成功
2023-06-17 16:05:46[ INFO ]>>modify项目修改测试成功
2023-06-21 13:08:29[ INFO ]>>insert用户插入测试成功
2023-06-21 13:08:30[ INFO ]>>selectUserInfo测试：错误用户不能登陆，selectUserInfo方法测试成功
2023-06-21 13:08:30[ INFO ]>>selectUserInfo测试：正确用户可以登陆，selectUserInfo方法测试成功
2023-06-21 13:08:30[ INFO ]>>queryUserList用户列表查询测试成功
2023-06-21 13:08:30[ INFO ]>>deleteUserById测试：不存在的用户不能被删除，deleteUserById方法测试成功
2023-06-21 13:08:30[ INFO ]>>deleteUserById测试：存在的用户不能被删除，deleteUserById方法测试失败
2023-06-21 13:09:18[ INFO ]>>insert项目插入测试成功
2023-06-21 13:09:19[ INFO ]>>modifyProjectById项目修改测试失败
2023-06-21 13:09:19[ INFO ]>>queryProjectList用户列表查询测试成功
2023-06-21 13:09:19[ INFO ]>queryProjectList不可以搜索到存在的项目，按名称搜索功能失败
2023-06-21 13:09:19[ INFO ]>>deleteProjectById：存在的项目不能被删除，deleteUserById方法测试失败
2023-06-21 13:09:19[ INFO ]>>deleteProjectById：不存在的项目不能被删除，deleteUserById方法测试成功
2023-06-21 13:12:00[ INFO ]>>insert项目插入测试成功
2023-06-21 13:12:00[ INFO ]>>modifyProjectById项目修改测试失败
2023-06-21 13:12:01[ INFO ]>>queryProjectList用户列表查询测试成功
2023-06-21 13:12:01[ INFO ]>queryProjectList可以搜索到存在的项目，按名称搜索功能成功
2023-06-21 13:12:01[ INFO ]>>deleteProjectById：存在的项目能被删除，deleteUserById方法测试成功
2023-06-21 13:12:01[ INFO ]>>deleteProjectById：不存在的项目不能被删除，deleteUserById方法测试成功
2023-06-21 13:15:14[ INFO ]>>insert项目插入测试成功
2023-06-21 13:18:13[ INFO ]>>modifyProjectById项目修改测试失败
2023-06-21 13:18:17[ INFO ]>>insert项目插入测试成功
2023-06-21 13:18:18[ INFO ]>>modifyProjectById项目修改测试失败
2023-06-21 13:18:18[ INFO ]>>queryProjectList用户列表查询测试成功
2023-06-21 13:18:18[ INFO ]>queryProjectList可以搜索到存在的项目，按名称搜索功能成功
2023-06-21 13:18:18[ INFO ]>>deleteProjectById：存在的项目能被删除，deleteUserById方法测试成功
2023-06-21 13:18:18[ INFO ]>>deleteProjectById：不存在的项目不能被删除，deleteUserById方法测试成功
2023-06-21 13:18:44[ INFO ]>>insert项目插入测试成功
2023-06-21 13:18:44[ INFO ]>>modifyProjectById项目修改测试成功
2023-06-21 13:18:44[ INFO ]>>queryProjectList用户列表查询测试成功
2023-06-21 13:18:44[ INFO ]>queryProjectList可以搜索到存在的项目，按名称搜索功能成功
2023-06-21 13:18:44[ INFO ]>>deleteProjectById：存在的项目能被删除，deleteUserById方法测试成功
2023-06-21 13:18:44[ INFO ]>>deleteProjectById：不存在的项目不能被删除，deleteUserById方法测试成功
2023-06-21 13:19:07[ INFO ]>>insert用户插入测试成功
2023-06-21 13:19:07[ INFO ]>>selectUserInfo测试：错误用户不能登陆，selectUserInfo方法测试成功
2023-06-21 13:19:07[ INFO ]>>selectUserInfo测试：正确用户可以登陆，selectUserInfo方法测试成功
2023-06-21 13:19:07[ INFO ]>>queryUserList用户列表查询测试成功
2023-06-21 13:19:08[ INFO ]>>deleteUserById测试：不存在的用户不能被删除，deleteUserById方法测试成功
2023-06-21 13:19:08[ INFO ]>>deleteUserById测试：存在的用户被删除，deleteUserById方法测试成功
2023-06-21 14:47:52[ INFO ]>>insert用户插入测试成功
2023-06-21 14:47:52[ INFO ]>>selectUserInfo测试：错误用户不能登陆，selectUserInfo方法测试成功
2023-06-21 14:47:52[ INFO ]>>selectUserInfo测试：正确用户可以登陆，selectUserInfo方法测试成功
2023-06-21 14:47:52[ INFO ]>>queryUserList用户列表查询测试成功
2023-06-21 14:47:53[ INFO ]>>deleteUserById测试：不存在的用户不能被删除，deleteUserById方法测试成功
2023-06-21 14:47:53[ INFO ]>>deleteUserById测试：存在的用户被删除，deleteUserById方法测试成功
2023-06-21 14:50:50[ INFO ]>>insert用户插入测试成功
2023-06-21 14:50:50[ INFO ]>>selectUserInfo测试：错误用户不能登陆，selectUserInfo方法测试成功
2023-06-21 14:50:50[ INFO ]>>selectUserInfo测试：正确用户可以登陆，selectUserInfo方法测试成功
2023-06-21 14:50:50[ INFO ]>>queryUserList用户列表查询测试成功
2023-06-21 14:50:51[ INFO ]>>deleteUserById测试：不存在的用户不能被删除，deleteUserById方法测试成功
2023-06-21 14:50:51[ INFO ]>>deleteUserById测试：存在的用户被删除，deleteUserById方法测试成功
2023-06-21 14:51:13[ INFO ]>>insert项目插入测试成功
2023-06-21 14:51:13[ INFO ]>>modifyProjectById项目修改测试成功
2023-06-21 14:51:13[ INFO ]>>queryProjectList用户列表查询测试成功
2023-06-21 14:51:13[ INFO ]>queryProjectList可以搜索到存在的项目，按名称搜索功能成功
2023-06-21 14:51:14[ INFO ]>>deleteProjectById：存在的项目能被删除，deleteUserById方法测试成功
2023-06-21 14:51:14[ INFO ]>>deleteProjectById：不存在的项目不能被删除，deleteUserById方法测试成功
2023-06-21 14:51:35[ INFO ]>>insert项目插入测试成功
2023-06-21 14:51:50[ INFO ]>>modifyProjectById项目修改测试成功
2023-06-21 14:52:11[ INFO ]>>queryProjectList用户列表查询测试成功
2023-06-21 14:52:11[ INFO ]>queryProjectList可以搜索到存在的项目，按名称搜索功能成功
2023-06-21 14:52:39[ INFO ]>>deleteProjectById：存在的项目能被删除，deleteUserById方法测试成功
2023-06-21 14:52:39[ INFO ]>>deleteProjectById：不存在的项目不能被删除，deleteUserById方法测试成功
2023-06-21 14:53:14[ INFO ]>>insert用户插入测试成功
2023-06-21 14:53:25[ INFO ]>>selectUserInfo测试：错误用户不能登陆，selectUserInfo方法测试成功
2023-06-21 14:53:25[ INFO ]>>selectUserInfo测试：正确用户可以登陆，selectUserInfo方法测试成功
2023-06-21 14:53:50[ INFO ]>>queryUserList用户列表查询测试成功
2023-06-21 14:54:06[ INFO ]>>deleteUserById测试：不存在的用户不能被删除，deleteUserById方法测试成功
2023-06-21 14:54:06[ INFO ]>>deleteUserById测试：存在的用户被删除，deleteUserById方法测试成功
2023-06-21 15:14:21[ INFO ]>>insert用户插入测试成功
2023-06-21 15:14:21[ INFO ]>>selectUserInfo测试：错误用户不能登陆，selectUserInfo方法测试成功
2023-06-21 15:14:22[ INFO ]>>selectUserInfo测试：正确用户可以登陆，selectUserInfo方法测试成功
2023-06-21 15:14:22[ INFO ]>>queryUserList用户列表查询测试成功
2023-06-21 15:14:22[ INFO ]>>deleteUserById测试：不存在的用户不能被删除，deleteUserById方法测试成功
2023-06-21 15:14:22[ INFO ]>>deleteUserById测试：存在的用户被删除，deleteUserById方法测试成功
2023-06-21 15:14:39[ INFO ]>>insert项目插入测试成功
2023-06-21 15:14:39[ INFO ]>>modifyProjectById项目修改测试成功
2023-06-21 15:14:40[ INFO ]>>queryProjectList用户列表查询测试成功
2023-06-21 15:14:40[ INFO ]>queryProjectList可以搜索到存在的项目，按名称搜索功能成功
2023-06-21 15:14:40[ INFO ]>>deleteProjectById：存在的项目能被删除，deleteUserById方法测试成功
2023-06-21 15:14:40[ INFO ]>>deleteProjectById：不存在的项目不能被删除，deleteUserById方法测试成功
